<?xml version="1.0" encoding="UTF-8"?>
<!-- Generated by org.testng.reporters.JUnitReportReporter -->
<testsuite skipped="0" hostname="MGEubuntuVM" name="org.gradle.rbbTest" tests="1" failures="0" timestamp="08 Nov 2017 15:46:04 GMT" time="22.265" errors="0">
  <testcase name="testcase" time="22.265" classname="org.gradle.rbbTest"/>
</testsuite> <!-- org.gradle.rbbTest -->
