<?xml version="1.0" encoding="UTF-8"?>
<!-- Generated by org.testng.reporters.JUnitReportReporter -->
<testsuite skipped="0" hostname="MGEubuntuVM" name="org.gradle.rbbTest" tests="1" failures="0" timestamp="07 Nov 2017 14:17:06 GMT" time="0.019" errors="0">
  <testcase name="testcase" time="0.019" classname="org.gradle.rbbTest"/>
</testsuite> <!-- org.gradle.rbbTest -->
