<?xml version="1.0" encoding="UTF-8"?>
<!-- Generated by org.testng.reporters.JUnitReportReporter -->
<testsuite skipped="0" hostname="MGEubuntuVM" name="org.gradle.rbbTest" tests="2" failures="0" timestamp="08 Jan 2018 13:15:45 GMT" time="1.014" errors="0">
  <testcase name="testcase01" time="0.013" classname="org.gradle.rbbTest"/>
  <testcase name="testcase02" time="1.001" classname="org.gradle.rbbTest"/>
</testsuite> <!-- org.gradle.rbbTest -->
