<?xml version="1.0" encoding="UTF-8"?>
<!-- Generated by org.testng.reporters.JUnitReportReporter -->
<testsuite skipped="0" hostname="MGEubuntuVM" name="org.gradle.rbbTest" tests="1" failures="0" timestamp="03 Nov 2017 13:37:45 GMT" time="0.035" errors="0">
  <testcase name="testcase" time="0.035" classname="org.gradle.rbbTest"/>
</testsuite> <!-- org.gradle.rbbTest -->
