<?xml version="1.0" encoding="UTF-8"?>
<!-- Generated by org.testng.reporters.JUnitReportReporter -->
<testsuite skipped="0" hostname="MGEubuntuVM" name="org.gradle.rbbTest" tests="2" failures="0" timestamp="05 Jan 2018 16:55:13 GMT" time="0.958" errors="0">
  <testcase name="testcase01" time="0.034" classname="org.gradle.rbbTest"/>
  <testcase name="testcase02" time="0.924" classname="org.gradle.rbbTest"/>
</testsuite> <!-- org.gradle.rbbTest -->
